<?xml version="1.0" encoding="UTF-8"?>
<!-- Generated by org.testng.reporters.JUnitReportReporter -->
<testsuite hostname="Himen-PC" name="com.database.test.DatabaseTestingDemo" tests="1" failures="0" timestamp="1 Jun 2019 08:55:15 GMT" time="0.021" errors="0">
  <testcase name="test" time="0.021" classname="com.database.test.DatabaseTestingDemo"/>
</testsuite> <!-- com.database.test.DatabaseTestingDemo -->
