<?xml version="1.0" encoding="UTF-8"?>
<!-- Generated by org.testng.reporters.JUnitReportReporter -->
<testsuite hostname="Himen-PC" name="com.selenium.testng.GlobalVariableFile" tests="1" failures="0" timestamp="20 Apr 2020 18:21:36 GMT" time="0.033" errors="0">
  <testcase name="Login" time="0.033" classname="com.selenium.testng.GlobalVariableFile"/>
</testsuite> <!-- com.selenium.testng.GlobalVariableFile -->
