<?xml version="1.0" encoding="UTF-8"?>
<!-- Generated by org.testng.reporters.JUnitReportReporter -->
<testsuite hostname="Himen-PC" name="com.selenium.testng.TestNGExampleOne" tests="3" failures="0" timestamp="18 Apr 2020 12:07:38 GMT" time="0.020" errors="0">
  <testcase name="SecondTest" time="0.002" classname="com.selenium.testng.TestNGExampleOne"/>
  <testcase name="FirstTest" time="0.014" classname="com.selenium.testng.TestNGExampleOne"/>
  <testcase name="DefendsMethodTest" time="0.004" classname="com.selenium.testng.TestNGExampleOne"/>
</testsuite> <!-- com.selenium.testng.TestNGExampleOne -->
