<?xml version="1.0" encoding="UTF-8"?>
<!-- Generated by org.testng.reporters.JUnitReportReporter -->
<testsuite hostname="Himen-PC" name="com.selenium.testng.TestNGExampleOne" tests="3" failures="0" timestamp="19 Apr 2020 18:29:17 GMT" time="0.012" errors="0">
  <testcase name="FirstTest" time="0.010" classname="com.selenium.testng.TestNGExampleOne"/>
  <testcase name="SecondTest" time="0.001" classname="com.selenium.testng.TestNGExampleOne"/>
  <testcase name="DefendsMethodTest" time="0.001" classname="com.selenium.testng.TestNGExampleOne"/>
</testsuite> <!-- com.selenium.testng.TestNGExampleOne -->
