<?xml version="1.0" encoding="UTF-8"?>
<!-- Generated by org.testng.reporters.JUnitReportReporter -->
<testsuite hostname="Himen-PC" name="com.selenium.testng.TestNGExampleTwo" tests="2" failures="0" timestamp="18 Apr 2020 12:07:38 GMT" time="0.024" errors="0">
  <testcase name="TimeOutAnnotation" time="0.022" classname="com.selenium.testng.TestNGExampleTwo"/>
  <testcase name="ThirdTest" time="0.002" classname="com.selenium.testng.TestNGExampleTwo"/>
</testsuite> <!-- com.selenium.testng.TestNGExampleTwo -->
