<?xml version="1.0" encoding="UTF-8"?>
<!-- Generated by org.testng.reporters.JUnitReportReporter -->
<testsuite hostname="Himen-PC" name="com.selenium.testng.TestNGExample" tests="2" failures="0" timestamp="14 Apr 2020 17:12:19 GMT" time="0.025" errors="0">
  <testcase name="FirstTest" time="0.024" classname="com.selenium.testng.TestNGExample"/>
  <testcase name="SecondTest" time="0.001" classname="com.selenium.testng.TestNGExample"/>
</testsuite> <!-- com.selenium.testng.TestNGExample -->
