<?xml version="1.0" encoding="UTF-8"?>
<!-- Generated by org.testng.reporters.JUnitReportReporter -->
<testsuite hostname="Himen-PC" name="com.selenium.testng.TestNGExampleTwo" tests="2" failures="0" timestamp="19 Apr 2020 18:29:17 GMT" time="0.016" errors="0">
  <testcase name="ThirdTest" time="0.001" classname="com.selenium.testng.TestNGExampleTwo"/>
  <testcase name="TimeOutAnnotation" time="0.015" classname="com.selenium.testng.TestNGExampleTwo"/>
</testsuite> <!-- com.selenium.testng.TestNGExampleTwo -->
