<?xml version="1.0" encoding="UTF-8"?>
<!-- Generated by org.testng.reporters.JUnitReportReporter -->
<testsuite hostname="Himen-PC" name="co.seleniumproject.testPackage.TestCaseClass" tests="2" failures="0" timestamp="20 May 2019 16:43:51 GMT" time="103.672" errors="0">
  <testcase name="validateCredentials" time="39.242" classname="co.seleniumproject.testPackage.TestCaseClass"/>
  <testcase name="returnTicket" time="64.430" classname="co.seleniumproject.testPackage.TestCaseClass"/>
</testsuite> <!-- co.seleniumproject.testPackage.TestCaseClass -->
