<?xml version="1.0" encoding="UTF-8"?>
<!-- Generated by org.testng.reporters.JUnitReportReporter -->
<testsuite hostname="Himen-PC" name="Selenium.BuildFramework.HomePage" tests="1" failures="0" timestamp="10 May 2020 10:27:22 GMT" time="27.241" errors="0">
  <testcase name="basePageNavigation" time="27.241" classname="Selenium.BuildFramework.HomePage"/>
</testsuite> <!-- Selenium.BuildFramework.HomePage -->
