<?xml version="1.0" encoding="UTF-8"?>
<!-- Generated by org.testng.reporters.JUnitReportReporter -->
<testsuite hostname="Himen-PC" name="Selenium.BuildFramework.ValidateTitle" tests="1" failures="0" timestamp="14 May 2020 18:27:41 GMT" time="12.331" errors="0">
  <testcase name="getTitlePage" time="12.331" classname="Selenium.BuildFramework.ValidateTitle"/>
</testsuite> <!-- Selenium.BuildFramework.ValidateTitle -->
