<?xml version="1.0" encoding="UTF-8"?>
<!-- Generated by org.testng.reporters.JUnitReportReporter -->
<testsuite hostname="Himen-PC" name="Selenium.BuildFramework.HomePage" tests="2" failures="0" timestamp="13 May 2020 18:37:17 GMT" time="51.210" errors="0">
  <testcase name="basePageNavigation" time="23.375" classname="Selenium.BuildFramework.HomePage"/>
  <testcase name="basePageNavigation" time="27.835" classname="Selenium.BuildFramework.HomePage"/>
</testsuite> <!-- Selenium.BuildFramework.HomePage -->
