<?xml version="1.0" encoding="UTF-8"?>
<!-- Generated by org.testng.reporters.JUnitReportReporter -->
<testsuite hostname="Himen-PC" name="Selenium.BuildFramework.ValidateTitle" tests="1" failures="0" timestamp="13 May 2020 18:37:17 GMT" time="16.176" errors="0">
  <testcase name="getTitlePage" time="16.176" classname="Selenium.BuildFramework.ValidateTitle"/>
</testsuite> <!-- Selenium.BuildFramework.ValidateTitle -->
