<?xml version="1.0" encoding="UTF-8"?>
<!-- Generated by org.testng.reporters.JUnitReportReporter -->
<testsuite hostname="Himen-PC" name="Selenium.BuildFramework.HomePage" tests="1" failures="0" timestamp="9 May 2020 19:37:03 GMT" time="12.513" errors="0">
  <testcase name="basePageNavigation" time="12.513" classname="Selenium.BuildFramework.HomePage"/>
</testsuite> <!-- Selenium.BuildFramework.HomePage -->
