<?xml version="1.0" encoding="UTF-8"?>
<!-- Generated by org.testng.reporters.JUnitReportReporter -->
<testsuite hostname="Himen-PC" name="com.selenium.testcase.LoginTestCases" tests="1" failures="0" timestamp="6 May 2020 18:20:16 GMT" time="22.443" errors="0">
  <testcase name="Login" time="22.443" classname="com.selenium.testcase.LoginTestCases"/>
</testsuite> <!-- com.selenium.testcase.LoginTestCases -->
