<?xml version="1.0" encoding="UTF-8"?>
<!-- Generated by org.testng.reporters.JUnitReportReporter -->
<testsuite hostname="Himen-PC" name="selenium.code.selenium.code.webtesting.NewTest" tests="1" failures="0" timestamp="25 Aug 2019 11:07:12 GMT" time="9.419" errors="0">
  <testcase name="radioTest" time="9.419" classname="selenium.code.selenium.code.webtesting.NewTest"/>
</testsuite> <!-- selenium.code.selenium.code.webtesting.NewTest -->
