<?xml version="1.0" encoding="UTF-8"?>
<!-- Generated by org.testng.reporters.JUnitReportReporter -->
<testsuite hostname="Himen-PC" name="selenium.code.webtesting.ExplicitTestNG" tests="1" failures="0" timestamp="29 Aug 2019 19:49:39 GMT" time="20.461" errors="0">
  <testcase name="testExplicit" time="20.461" classname="selenium.code.webtesting.ExplicitTestNG"/>
</testsuite> <!-- selenium.code.webtesting.ExplicitTestNG -->
